05/06/2023 11:02:13	This log contains information about the import schema operation into project 'VertemNewsBD' on computer 'VAIO' by user '7700639923'.
05/06/2023 11:02:14	Import of database schema has started.
05/06/2023 11:02:19	Gathering database credentials
05/06/2023 11:02:19	Gathering database options
05/06/2023 11:02:19	Gathering generic database scoped configuration option
05/06/2023 11:02:19	Gathering users
05/06/2023 11:02:19	Gathering roles
05/06/2023 11:02:19	Gathering application roles
05/06/2023 11:02:19	Gathering role memberships
05/06/2023 11:02:19	Gathering filegroups
05/06/2023 11:02:19	Gathering full-text catalogs
05/06/2023 11:02:19	Gathering assemblies
05/06/2023 11:02:19	Gathering certificates
05/06/2023 11:02:19	Gathering asymmetric keys
05/06/2023 11:02:19	Gathering symmetric keys
05/06/2023 11:02:19	Gathering encrypted symmetric keys
05/06/2023 11:02:19	Gathering schemas
05/06/2023 11:02:19	Gathering XML schema collections
05/06/2023 11:02:19	Gathering user-defined data types
05/06/2023 11:02:19	Gathering user-defined types
05/06/2023 11:02:19	Gathering table types
05/06/2023 11:02:19	Gathering unique keys for table types
05/06/2023 11:02:19	Gathering primary keys for table types
05/06/2023 11:02:19	Gathering indexes for table types
05/06/2023 11:02:19	Gathering check constraints for table types
05/06/2023 11:02:19	Gathering default constraints for table types
05/06/2023 11:02:19	Gathering partition functions
05/06/2023 11:02:19	Gathering partition schemes
05/06/2023 11:02:19	Gathering functions
05/06/2023 11:02:19	Gathering encrypted functions
05/06/2023 11:02:19	Gathering aggregates
05/06/2023 11:02:19	Gathering procedures
05/06/2023 11:02:19	Gathering encrypted procedures
05/06/2023 11:02:19	Gathering tables
05/06/2023 11:02:19	Gathering primary keys
05/06/2023 11:02:19	Gathering unique constraints
05/06/2023 11:02:19	Gathering foreign keys
05/06/2023 11:02:19	Gathering default constraints
05/06/2023 11:02:19	Gathering check constraints
05/06/2023 11:02:19	Gathering views
05/06/2023 11:02:19	Gathering encrypted views
05/06/2023 11:02:19	Gathering indexes
05/06/2023 11:02:19	Gathering statistics
05/06/2023 11:02:19	Gathering full-text index stoplists
05/06/2023 11:02:19	Gathering search property lists
05/06/2023 11:02:19	Gathering search properties
05/06/2023 11:02:19	Gathering full-text indexes
05/06/2023 11:02:19	Gathering column store indexes
05/06/2023 11:02:19	Gathering spatial indexes
05/06/2023 11:02:19	Gathering XML indexes
05/06/2023 11:02:19	Gathering Selective XML indexes
05/06/2023 11:02:19	Gathering encrypted triggers
05/06/2023 11:02:19	Gathering triggers
05/06/2023 11:02:19	Gathering encrypted and clr ddl triggers
05/06/2023 11:02:19	Gathering ddl triggers
05/06/2023 11:02:19	Creating edge constraints
05/06/2023 11:02:19	Gathering synonyms
05/06/2023 11:02:19	Gathering defaults
05/06/2023 11:02:19	Gathering data constraint uddt bindings
05/06/2023 11:02:19	Gathering rules
05/06/2023 11:02:19	Gathering data constraint uddt bindings
05/06/2023 11:02:19	Gathering message types
05/06/2023 11:02:19	Gathering queues
05/06/2023 11:02:19	Gathering contracts
05/06/2023 11:02:19	Gathering services
05/06/2023 11:02:19	Gathering event notifications
05/06/2023 11:02:19	Gathering remote service bindings
05/06/2023 11:02:19	Gathering broker priorities
05/06/2023 11:02:19	Gathering signatures
05/06/2023 11:02:19	Gathering data compression options
05/06/2023 11:02:19	Gathering sequence types
05/06/2023 11:02:19	Gathering security policies
05/06/2023 11:02:19	Gather column encryption keys
05/06/2023 11:02:19	Gathering column master keys
05/06/2023 11:02:19	Gathering external data sources
05/06/2023 11:02:19	Gathering external file formats
05/06/2023 11:02:19	Gathering external tables
05/06/2023 11:02:19	Gathering database permissions
05/06/2023 11:02:20	Gathering extended properties
05/06/2023 11:02:20	Gathering assemblies
05/06/2023 11:02:20	Gathering credentials
05/06/2023 11:02:20	Gathering logins
05/06/2023 11:02:20	Gathering server audits
05/06/2023 11:02:22	Scanning project for duplicate elements
05/06/2023 11:02:22	Finished duplicate element processing
05/06/2023 11:02:23	Finished importing database.
05/06/2023 11:02:23	A summary of the import was saved to the following location: C:\Users\deyze\Desktop\VertemNews\Release 1.0\VertemNews\VertemNewsBD\Import Schema Logs\VertemNewsBD_20230605020213.log
05/06/2023 11:02:23	Click Finish to continue...
